<?xml version="1.0" encoding="UTF-8"?>
<robot generator="Robot 7.4.2 (Python 3.12.13 on linux)" generated="2026-05-05T22:25:49.022506" rpa="false" schemaversion="5">
<suite id="s1" name="Suites" source="/tests/e2e/suites">
<suite id="s1-s1" name="01 Auth" source="/tests/e2e/suites/01_auth.robot">
<test id="s1-s1-t1" name="Successful admin login" line="6">
<kw name="I am authenticated as admin" owner="testjam_e2e.testjam_library.TestjamLibrary">
<msg time="2026-05-05T22:25:49.641062" level="INFO">Authenticated as 'admin'</msg>
<status status="PASS" start="2026-05-05T22:25:49.423188" elapsed="0.217973"/>
</kw>
<kw name="The current user should be admin" owner="testjam_e2e.testjam_library.TestjamLibrary" source_name="the current user should be ${username}">
<status status="PASS" start="2026-05-05T22:25:49.641521" elapsed="0.003705"/>
</kw>
<status status="PASS" start="2026-05-05T22:25:49.390355" elapsed="0.255380"/>
</test>
<test id="s1-s1-t2" name="Login with wrong password returns 401" line="13">
<kw name="I try to log in as admin with password wrongpassword" owner="testjam_e2e.testjam_library.TestjamLibrary" source_name="I try to log in as ${username} with password ${password}">
<doc>Attempts login without asserting success — use assertion keywords after.</doc>
<status status="PASS" start="2026-05-05T22:25:49.708064" elapsed="0.222509"/>
</kw>
<kw name="The response status should be 401" owner="testjam_e2e.testjam_library.TestjamLibrary" source_name="the response status should be ${expected_status}">
<status status="PASS" start="2026-05-05T22:25:49.930918" elapsed="0.000161"/>
</kw>
<status status="PASS" start="2026-05-05T22:25:49.674440" elapsed="0.256805"/>
</test>
<test id="s1-s1-t3" name="Login with unknown user returns 401" line="19">
<kw name="I try to log in as ghost with password ghost123" owner="testjam_e2e.testjam_library.TestjamLibrary" source_name="I try to log in as ${username} with password ${password}">
<doc>Attempts login without asserting success — use assertion keywords after.</doc>
<status status="PASS" start="2026-05-05T22:25:49.990930" elapsed="0.002460"/>
</kw>
<kw name="The response status should be 401" owner="testjam_e2e.testjam_library.TestjamLibrary" source_name="the response status should be ${expected_status}">
<status status="PASS" start="2026-05-05T22:25:49.993726" elapsed="0.000127"/>
</kw>
<status status="PASS" start="2026-05-05T22:25:49.962145" elapsed="0.031833"/>
</test>
<test id="s1-s1-t4" name="Valid credentials give access to protected resource" line="25">
<kw name="I am authenticated as admin" owner="testjam_e2e.testjam_library.TestjamLibrary">
<msg time="2026-05-05T22:25:50.257670" level="INFO">Authenticated as 'admin'</msg>
<status status="PASS" start="2026-05-05T22:25:50.038185" elapsed="0.219569"/>
</kw>
<kw name="The current user should be admin" owner="testjam_e2e.testjam_library.TestjamLibrary" source_name="the current user should be ${username}">
<status status="PASS" start="2026-05-05T22:25:50.258103" elapsed="0.003213"/>
</kw>
<status status="PASS" start="2026-05-05T22:25:50.009608" elapsed="0.251936"/>
</test>
<status status="PASS" start="2026-05-05T22:25:49.373698" elapsed="0.916858"/>
</suite>
<suite id="s1-s2" name="02 Projects" source="/tests/e2e/suites/02_projects.robot">
<test id="s1-s2-t1" name="Create and read a project" line="6">
<kw name="I am authenticated as admin" owner="testjam_e2e.testjam_library.TestjamLibrary">
<msg time="2026-05-05T22:25:50.558351" level="INFO">Authenticated as 'admin'</msg>
<status status="PASS" start="2026-05-05T22:25:50.336617" elapsed="0.221825"/>
</kw>
<kw name="I create a project named Acme App" owner="testjam_e2e.testjam_library.TestjamLibrary" source_name="I create a project named ${name}">
<msg time="2026-05-05T22:25:50.574211" level="INFO">Created project 'Acme App' → id=407</msg>
<status status="PASS" start="2026-05-05T22:25:50.558760" elapsed="0.015527"/>
</kw>
<kw name="The project name should be Acme App" owner="testjam_e2e.testjam_library.TestjamLibrary" source_name="the project name should be ${name}">
<status status="PASS" start="2026-05-05T22:25:50.574559" elapsed="0.009191"/>
</kw>
<kw name="I clean up the current project" owner="testjam_e2e.testjam_library.TestjamLibrary" type="TEARDOWN">
<status status="PASS" start="2026-05-05T22:25:50.584064" elapsed="0.005877"/>
</kw>
<status status="PASS" start="2026-05-05T22:25:50.299984" elapsed="0.290026"/>
</test>
<test id="s1-s2-t2" name="Rename a project" line="15">
<kw name="I am authenticated as admin" owner="testjam_e2e.testjam_library.TestjamLibrary">
<msg time="2026-05-05T22:25:50.870110" level="INFO">Authenticated as 'admin'</msg>
<status status="PASS" start="2026-05-05T22:25:50.651175" elapsed="0.219021"/>
</kw>
<kw name="I create a project named Old Name" owner="testjam_e2e.testjam_library.TestjamLibrary" source_name="I create a project named ${name}">
<msg time="2026-05-05T22:25:50.886354" level="INFO">Created project 'Old Name' → id=408</msg>
<status status="PASS" start="2026-05-05T22:25:50.870532" elapsed="0.015918"/>
</kw>
<kw name="I rename the project to New Name" owner="testjam_e2e.testjam_library.TestjamLibrary" source_name="I rename the project to ${name}">
<status status="PASS" start="2026-05-05T22:25:50.886771" elapsed="0.006841"/>
</kw>
<kw name="The project name should be New Name" owner="testjam_e2e.testjam_library.TestjamLibrary" source_name="the project name should be ${name}">
<status status="PASS" start="2026-05-05T22:25:50.894042" elapsed="0.006847"/>
</kw>
<kw name="I clean up the current project" owner="testjam_e2e.testjam_library.TestjamLibrary" type="TEARDOWN">
<status status="PASS" start="2026-05-05T22:25:50.901100" elapsed="0.005102"/>
</kw>
<status status="PASS" start="2026-05-05T22:25:50.608046" elapsed="0.298245"/>
</test>
<test id="s1-s2-t3" name="Delete a project" line="25">
<kw name="I am authenticated as admin" owner="testjam_e2e.testjam_library.TestjamLibrary">
<msg time="2026-05-05T22:25:51.187075" level="INFO">Authenticated as 'admin'</msg>
<status status="PASS" start="2026-05-05T22:25:50.968486" elapsed="0.218665"/>
</kw>
<kw name="I create a project named To Be Deleted" owner="testjam_e2e.testjam_library.TestjamLibrary" source_name="I create a project named ${name}">
<msg time="2026-05-05T22:25:51.203949" level="INFO">Created project 'To Be Deleted' → id=409</msg>
<status status="PASS" start="2026-05-05T22:25:51.187435" elapsed="0.016596"/>
</kw>
<kw name="I delete the project" owner="testjam_e2e.testjam_library.TestjamLibrary">
<status status="PASS" start="2026-05-05T22:25:51.204169" elapsed="0.011173"/>
</kw>
<kw name="the project should no longer exist" owner="testjam_e2e.testjam_library.TestjamLibrary">
<status status="PASS" start="2026-05-05T22:25:51.215612" elapsed="0.003076"/>
</kw>
<kw name="I clean up the current project" owner="testjam_e2e.testjam_library.TestjamLibrary" type="TEARDOWN">
<status status="PASS" start="2026-05-05T22:25:51.218867" elapsed="0.002471"/>
</kw>
<status status="PASS" start="2026-05-05T22:25:50.923859" elapsed="0.297542"/>
</test>
<status status="PASS" start="2026-05-05T22:25:50.290863" elapsed="0.948392"/>
</suite>
<suite id="s1-s3" name="03 Test Cases" source="/tests/e2e/suites/03_test_cases.robot">
<test id="s1-s3-t1" name="Create a test case inside a suite" line="6">
<kw name="I am authenticated as admin" owner="testjam_e2e.testjam_library.TestjamLibrary">
<msg time="2026-05-05T22:25:51.529146" level="INFO">Authenticated as 'admin'</msg>
<status status="PASS" start="2026-05-05T22:25:51.303008" elapsed="0.226214"/>
</kw>
<kw name="I create a project named Case Project" owner="testjam_e2e.testjam_library.TestjamLibrary" source_name="I create a project named ${name}">
<msg time="2026-05-05T22:25:51.546307" level="INFO">Created project 'Case Project' → id=410</msg>
<status status="PASS" start="2026-05-05T22:25:51.529543" elapsed="0.017178"/>
</kw>
<kw name="I create a suite named Login Suite" owner="testjam_e2e.testjam_library.TestjamLibrary" source_name="I create a suite named ${name}">
<msg time="2026-05-05T22:25:51.554371" level="INFO">Created suite 'Login Suite' → id=224</msg>
<status status="PASS" start="2026-05-05T22:25:51.548261" elapsed="0.006181"/>
</kw>
<kw name="I create a test case named Happy Path Login" owner="testjam_e2e.testjam_library.TestjamLibrary" source_name="I create a test case named ${name}">
<msg time="2026-05-05T22:25:51.559541" level="INFO">Created case 'Happy Path Login' → id=190</msg>
<status status="PASS" start="2026-05-05T22:25:51.554733" elapsed="0.004873"/>
</kw>
<kw name="The suite should have 1 test cases" owner="testjam_e2e.testjam_library.TestjamLibrary" source_name="the suite should have ${count} test cases">
<status status="PASS" start="2026-05-05T22:25:51.559825" elapsed="0.005582"/>
</kw>
<kw name="The test case name should be Happy Path Login" owner="testjam_e2e.testjam_library.TestjamLibrary" source_name="the test case name should be ${name}">
<status status="PASS" start="2026-05-05T22:25:51.565788" elapsed="0.004552"/>
</kw>
<kw name="I clean up the current project" owner="testjam_e2e.testjam_library.TestjamLibrary" type="TEARDOWN">
<status status="PASS" start="2026-05-05T22:25:51.570563" elapsed="0.007369"/>
</kw>
<status status="PASS" start="2026-05-05T22:25:51.248308" elapsed="0.329717"/>
</test>
<test id="s1-s3-t2" name="Rename a test case" line="18">
<kw name="I am authenticated as admin" owner="testjam_e2e.testjam_library.TestjamLibrary">
<msg time="2026-05-05T22:25:51.862491" level="INFO">Authenticated as 'admin'</msg>
<status status="PASS" start="2026-05-05T22:25:51.645019" elapsed="0.217552"/>
</kw>
<kw name="I create a project named Rename Case Project" owner="testjam_e2e.testjam_library.TestjamLibrary" source_name="I create a project named ${name}">
<msg time="2026-05-05T22:25:51.878556" level="INFO">Created project 'Rename Case Project' → id=411</msg>
<status status="PASS" start="2026-05-05T22:25:51.862882" elapsed="0.015811"/>
</kw>
<kw name="I create a suite named Suite A" owner="testjam_e2e.testjam_library.TestjamLibrary" source_name="I create a suite named ${name}">
<msg time="2026-05-05T22:25:51.888619" level="INFO">Created suite 'Suite A' → id=225</msg>
<status status="PASS" start="2026-05-05T22:25:51.879051" elapsed="0.009670"/>
</kw>
<kw name="I create a test case named Original Name" owner="testjam_e2e.testjam_library.TestjamLibrary" source_name="I create a test case named ${name}">
<msg time="2026-05-05T22:25:51.894257" level="INFO">Created case 'Original Name' → id=191</msg>
<status status="PASS" start="2026-05-05T22:25:51.889017" elapsed="0.005334"/>
</kw>
<kw name="I rename the test case to Refactored Name" owner="testjam_e2e.testjam_library.TestjamLibrary" source_name="I rename the test case to ${name}">
<status status="PASS" start="2026-05-05T22:25:51.894661" elapsed="0.008744"/>
</kw>
<kw name="The test case name should be Refactored Name" owner="testjam_e2e.testjam_library.TestjamLibrary" source_name="the test case name should be ${name}">
<status status="PASS" start="2026-05-05T22:25:51.903705" elapsed="0.003411"/>
</kw>
<kw name="I clean up the current project" owner="testjam_e2e.testjam_library.TestjamLibrary" type="TEARDOWN">
<status status="PASS" start="2026-05-05T22:25:51.907309" elapsed="0.009547"/>
</kw>
<status status="PASS" start="2026-05-05T22:25:51.599087" elapsed="0.317852"/>
</test>
<test id="s1-s3-t3" name="Delete a test case" line="30">
<kw name="I am authenticated as admin" owner="testjam_e2e.testjam_library.TestjamLibrary">
<msg time="2026-05-05T22:25:52.203410" level="INFO">Authenticated as 'admin'</msg>
<status status="PASS" start="2026-05-05T22:25:51.982396" elapsed="0.221105"/>
</kw>
<kw name="I create a project named Delete Case Project" owner="testjam_e2e.testjam_library.TestjamLibrary" source_name="I create a project named ${name}">
<msg time="2026-05-05T22:25:52.219524" level="INFO">Created project 'Delete Case Project' → id=412</msg>
<status status="PASS" start="2026-05-05T22:25:52.203746" elapsed="0.015855"/>
</kw>
<kw name="I create a suite named Suite B" owner="testjam_e2e.testjam_library.TestjamLibrary" source_name="I create a suite named ${name}">
<msg time="2026-05-05T22:25:52.235073" level="INFO">Created suite 'Suite B' → id=226</msg>
<status status="PASS" start="2026-05-05T22:25:52.219888" elapsed="0.015263"/>
</kw>
<kw name="I create a test case named Disposable Case" owner="testjam_e2e.testjam_library.TestjamLibrary" source_name="I create a test case named ${name}">
<msg time="2026-05-05T22:25:52.242004" level="INFO">Created case 'Disposable Case' → id=192</msg>
<status status="PASS" start="2026-05-05T22:25:52.235418" elapsed="0.006667"/>
</kw>
<kw name="I delete the test case" owner="testjam_e2e.testjam_library.TestjamLibrary">
<status status="PASS" start="2026-05-05T22:25:52.242231" elapsed="0.006530"/>
</kw>
<kw name="the test case should no longer exist" owner="testjam_e2e.testjam_library.TestjamLibrary">
<status status="PASS" start="2026-05-05T22:25:52.248910" elapsed="0.003408"/>
</kw>
<kw name="I clean up the current project" owner="testjam_e2e.testjam_library.TestjamLibrary" type="TEARDOWN">
<status status="PASS" start="2026-05-05T22:25:52.252540" elapsed="0.007169"/>
</kw>
<status status="PASS" start="2026-05-05T22:25:51.933905" elapsed="0.325886"/>
</test>
<test id="s1-s3-t4" name="Test case with action steps" line="42">
<kw name="I am authenticated as admin" owner="testjam_e2e.testjam_library.TestjamLibrary">
<msg time="2026-05-05T22:25:52.551246" level="INFO">Authenticated as 'admin'</msg>
<status status="PASS" start="2026-05-05T22:25:52.335733" elapsed="0.215587"/>
</kw>
<kw name="I create a project named Steps Project" owner="testjam_e2e.testjam_library.TestjamLibrary" source_name="I create a project named ${name}">
<msg time="2026-05-05T22:25:52.569786" level="INFO">Created project 'Steps Project' → id=413</msg>
<status status="PASS" start="2026-05-05T22:25:52.551641" elapsed="0.018222"/>
</kw>
<kw name="I create a suite named Steps Suite" owner="testjam_e2e.testjam_library.TestjamLibrary" source_name="I create a suite named ${name}">
<msg time="2026-05-05T22:25:52.575766" level="INFO">Created suite 'Steps Suite' → id=227</msg>
<status status="PASS" start="2026-05-05T22:25:52.570149" elapsed="0.005684"/>
</kw>
<kw name="I create a test case named Multi-Step Case" owner="testjam_e2e.testjam_library.TestjamLibrary" source_name="I create a test case named ${name}">
<msg time="2026-05-05T22:25:52.583810" level="INFO">Created case 'Multi-Step Case' → id=193</msg>
<status status="PASS" start="2026-05-05T22:25:52.576064" elapsed="0.007826"/>
</kw>
<kw name="I add a step Open the login page to the test case" owner="testjam_e2e.testjam_library.TestjamLibrary" source_name="I add a step ${action} to the test case">
<msg time="2026-05-05T22:25:52.589011" level="INFO">Added action step 'Open the login page' → id=2625</msg>
<status status="PASS" start="2026-05-05T22:25:52.584217" elapsed="0.004883"/>
</kw>
<kw name="I add a step Enter valid credentials to the test case" owner="testjam_e2e.testjam_library.TestjamLibrary" source_name="I add a step ${action} to the test case">
<msg time="2026-05-05T22:25:52.594567" level="INFO">Added action step 'Enter valid credentials' → id=2626</msg>
<status status="PASS" start="2026-05-05T22:25:52.589575" elapsed="0.005060"/>
</kw>
<kw name="I add a step Submit the form to the test case" owner="testjam_e2e.testjam_library.TestjamLibrary" source_name="I add a step ${action} to the test case">
<msg time="2026-05-05T22:25:52.602044" level="INFO">Added action step 'Submit the form' → id=2627</msg>
<status status="PASS" start="2026-05-05T22:25:52.594918" elapsed="0.007201"/>
</kw>
<kw name="The test case should have 3 steps" owner="testjam_e2e.testjam_library.TestjamLibrary" source_name="the test case should have ${count} steps">
<status status="PASS" start="2026-05-05T22:25:52.602367" elapsed="0.002860"/>
</kw>
<kw name="I clean up the current project" owner="testjam_e2e.testjam_library.TestjamLibrary" type="TEARDOWN">
<status status="PASS" start="2026-05-05T22:25:52.605414" elapsed="0.010731"/>
</kw>
<status status="PASS" start="2026-05-05T22:25:52.277533" elapsed="0.338725"/>
</test>
<test id="s1-s3-t5" name="Test case with setup and teardown steps" line="56">
<kw name="I am authenticated as admin" owner="testjam_e2e.testjam_library.TestjamLibrary">
<msg time="2026-05-05T22:25:52.908079" level="INFO">Authenticated as 'admin'</msg>
<status status="PASS" start="2026-05-05T22:25:52.688497" elapsed="0.219659"/>
</kw>
<kw name="I create a project named Lifecycle Project" owner="testjam_e2e.testjam_library.TestjamLibrary" source_name="I create a project named ${name}">
<msg time="2026-05-05T22:25:52.924618" level="INFO">Created project 'Lifecycle Project' → id=414</msg>
<status status="PASS" start="2026-05-05T22:25:52.908472" elapsed="0.016225"/>
</kw>
<kw name="I create a suite named Lifecycle Suite" owner="testjam_e2e.testjam_library.TestjamLibrary" source_name="I create a suite named ${name}">
<msg time="2026-05-05T22:25:52.934263" level="INFO">Created suite 'Lifecycle Suite' → id=228</msg>
<status status="PASS" start="2026-05-05T22:25:52.924969" elapsed="0.009401"/>
</kw>
<kw name="I create a test case named Lifecycle Case" owner="testjam_e2e.testjam_library.TestjamLibrary" source_name="I create a test case named ${name}">
<msg time="2026-05-05T22:25:52.940153" level="INFO">Created case 'Lifecycle Case' → id=194</msg>
<status status="PASS" start="2026-05-05T22:25:52.934751" elapsed="0.005471"/>
</kw>
<kw name="I add setup step Prepare test data to the test case" owner="testjam_e2e.testjam_library.TestjamLibrary" source_name="I add ${step_type} step ${action} to the test case">
<msg time="2026-05-05T22:25:52.944846" level="INFO">Added setup step 'Prepare test data' → id=2637</msg>
<status status="PASS" start="2026-05-05T22:25:52.940477" elapsed="0.004441"/>
</kw>
<kw name="I add action step Execute the main flow to the test case" owner="testjam_e2e.testjam_library.TestjamLibrary" source_name="I add ${step_type} step ${action} to the test case">
<msg time="2026-05-05T22:25:52.953657" level="INFO">Added action step 'Execute the main flow' → id=2638</msg>
<status status="PASS" start="2026-05-05T22:25:52.945227" elapsed="0.008507"/>
</kw>
<kw name="I add teardown step Clean up test data to the test case" owner="testjam_e2e.testjam_library.TestjamLibrary" source_name="I add ${step_type} step ${action} to the test case">
<msg time="2026-05-05T22:25:52.958287" level="INFO">Added teardown step 'Clean up test data' → id=2639</msg>
<status status="PASS" start="2026-05-05T22:25:52.954006" elapsed="0.004344"/>
</kw>
<kw name="The test case should have 3 steps" owner="testjam_e2e.testjam_library.TestjamLibrary" source_name="the test case should have ${count} steps">
<status status="PASS" start="2026-05-05T22:25:52.958582" elapsed="0.002826"/>
</kw>
<kw name="I clean up the current project" owner="testjam_e2e.testjam_library.TestjamLibrary" type="TEARDOWN">
<status status="PASS" start="2026-05-05T22:25:52.961665" elapsed="0.012093"/>
</kw>
<status status="PASS" start="2026-05-05T22:25:52.634973" elapsed="0.338880"/>
</test>
<test id="s1-s3-t6" name="Test case with external ID for automation matching" line="70">
<kw name="I am authenticated as admin" owner="testjam_e2e.testjam_library.TestjamLibrary">
<msg time="2026-05-05T22:25:53.255199" level="INFO">Authenticated as 'admin'</msg>
<status status="PASS" start="2026-05-05T22:25:53.038484" elapsed="0.216789"/>
</kw>
<kw name="I create a project named Automation Project" owner="testjam_e2e.testjam_library.TestjamLibrary" source_name="I create a project named ${name}">
<msg time="2026-05-05T22:25:53.271164" level="INFO">Created project 'Automation Project' → id=415</msg>
<status status="PASS" start="2026-05-05T22:25:53.255588" elapsed="0.015654"/>
</kw>
<kw name="I create a suite named Automation Suite" owner="testjam_e2e.testjam_library.TestjamLibrary" source_name="I create a suite named ${name}">
<msg time="2026-05-05T22:25:53.278359" level="INFO">Created suite 'Automation Suite' → id=229</msg>
<status status="PASS" start="2026-05-05T22:25:53.271525" elapsed="0.006915"/>
</kw>
<kw name="I create a test case named Automated Login with external id com.example.LoginTest.testHappyPath" owner="testjam_e2e.testjam_library.TestjamLibrary" source_name="I create a test case named ${name} with external id ${external_id}">
<msg time="2026-05-05T22:25:53.287326" level="INFO">Created case 'Automated Login' (external_id=com.example.LoginTest.testHappyPath) → id=195</msg>
<status status="PASS" start="2026-05-05T22:25:53.278834" elapsed="0.008566"/>
</kw>
<kw name="The test case name should be Automated Login" owner="testjam_e2e.testjam_library.TestjamLibrary" source_name="the test case name should be ${name}">
<status status="PASS" start="2026-05-05T22:25:53.287664" elapsed="0.003269"/>
</kw>
<kw name="I clean up the current project" owner="testjam_e2e.testjam_library.TestjamLibrary" type="TEARDOWN">
<status status="PASS" start="2026-05-05T22:25:53.291126" elapsed="0.010244"/>
</kw>
<status status="PASS" start="2026-05-05T22:25:52.992763" elapsed="0.308700"/>
</test>
<status status="PASS" start="2026-05-05T22:25:51.239648" elapsed="2.078329"/>
</suite>
<suite id="s1-s4" name="04 Executions" source="/tests/e2e/suites/04_executions.robot">
<test id="s1-s4-t1" name="Create and complete an execution" line="6">
<kw name="I am authenticated as admin" owner="testjam_e2e.testjam_library.TestjamLibrary">
<msg time="2026-05-05T22:25:53.602266" level="INFO">Authenticated as 'admin'</msg>
<status status="PASS" start="2026-05-05T22:25:53.384667" elapsed="0.217676"/>
</kw>
<kw name="I create a project named Exec Project" owner="testjam_e2e.testjam_library.TestjamLibrary" source_name="I create a project named ${name}">
<msg time="2026-05-05T22:25:53.619821" level="INFO">Created project 'Exec Project' → id=416</msg>
<status status="PASS" start="2026-05-05T22:25:53.602677" elapsed="0.017221"/>
</kw>
<kw name="I create a suite named Exec Suite" owner="testjam_e2e.testjam_library.TestjamLibrary" source_name="I create a suite named ${name}">
<msg time="2026-05-05T22:25:53.633897" level="INFO">Created suite 'Exec Suite' → id=230</msg>
<status status="PASS" start="2026-05-05T22:25:53.620192" elapsed="0.013785"/>
</kw>
<kw name="I create a test case named Login Test" owner="testjam_e2e.testjam_library.TestjamLibrary" source_name="I create a test case named ${name}">
<msg time="2026-05-05T22:25:53.640822" level="INFO">Created case 'Login Test' → id=196</msg>
<msg time="2026-05-05T22:25:53.640949" level="INFO">${case_id} = 196</msg>
<var>${case_id}</var>
<status status="PASS" start="2026-05-05T22:25:53.634329" elapsed="0.006640"/>
</kw>
<kw name="I start an execution titled Sprint 1 Run" owner="testjam_e2e.testjam_library.TestjamLibrary" source_name="I start an execution titled ${title}">
<msg time="2026-05-05T22:25:53.646810" level="INFO">Started execution 'Sprint 1 Run' → id=100</msg>
<status status="PASS" start="2026-05-05T22:25:53.641260" elapsed="0.005661"/>
</kw>
<kw name="I report case ${case_id} as passed" owner="testjam_e2e.testjam_library.TestjamLibrary" source_name="I report case ${case_id} as ${status}">
<msg time="2026-05-05T22:25:53.656222" level="INFO">Reported case 196 as 'passed' → result id=439</msg>
<status status="PASS" start="2026-05-05T22:25:53.647622" elapsed="0.008676"/>
</kw>
<kw name="I complete the execution" owner="testjam_e2e.testjam_library.TestjamLibrary">
<status status="PASS" start="2026-05-05T22:25:53.656439" elapsed="0.006199"/>
</kw>
<kw name="The execution status should be completed" owner="testjam_e2e.testjam_library.TestjamLibrary" source_name="the execution status should be ${status}">
<status status="PASS" start="2026-05-05T22:25:53.662912" elapsed="0.007544"/>
</kw>
<kw name="I clean up the current project" owner="testjam_e2e.testjam_library.TestjamLibrary" type="TEARDOWN">
<status status="PASS" start="2026-05-05T22:25:53.670653" elapsed="0.014438"/>
</kw>
<status status="PASS" start="2026-05-05T22:25:53.322982" elapsed="0.362273"/>
</test>
<test id="s1-s4-t2" name="Execution tracks result count" line="20">
<kw name="I am authenticated as admin" owner="testjam_e2e.testjam_library.TestjamLibrary">
<msg time="2026-05-05T22:25:53.988732" level="INFO">Authenticated as 'admin'</msg>
<status status="PASS" start="2026-05-05T22:25:53.767165" elapsed="0.221656"/>
</kw>
<kw name="I create a project named Result Count Project" owner="testjam_e2e.testjam_library.TestjamLibrary" source_name="I create a project named ${name}">
<msg time="2026-05-05T22:25:53.996797" level="INFO">Created project 'Result Count Project' → id=417</msg>
<status status="PASS" start="2026-05-05T22:25:53.989179" elapsed="0.007700"/>
</kw>
<kw name="I create a suite named Result Count Suite" owner="testjam_e2e.testjam_library.TestjamLibrary" source_name="I create a suite named ${name}">
<msg time="2026-05-05T22:25:54.006047" level="INFO">Created suite 'Result Count Suite' → id=231</msg>
<status status="PASS" start="2026-05-05T22:25:53.997333" elapsed="0.008798"/>
</kw>
<kw name="I create a test case named Test A" owner="testjam_e2e.testjam_library.TestjamLibrary" source_name="I create a test case named ${name}">
<msg time="2026-05-05T22:25:54.013100" level="INFO">Created case 'Test A' → id=197</msg>
<msg time="2026-05-05T22:25:54.013241" level="INFO">${case_a} = 197</msg>
<var>${case_a}</var>
<status status="PASS" start="2026-05-05T22:25:54.006433" elapsed="0.006832"/>
</kw>
<kw name="I create a test case named Test B" owner="testjam_e2e.testjam_library.TestjamLibrary" source_name="I create a test case named ${name}">
<msg time="2026-05-05T22:25:54.019767" level="INFO">Created case 'Test B' → id=198</msg>
<msg time="2026-05-05T22:25:54.019895" level="INFO">${case_b} = 198</msg>
<var>${case_b}</var>
<status status="PASS" start="2026-05-05T22:25:54.013567" elapsed="0.006347"/>
</kw>
<kw name="I start an execution titled Count Check Run" owner="testjam_e2e.testjam_library.TestjamLibrary" source_name="I start an execution titled ${title}">
<msg time="2026-05-05T22:25:54.026988" level="INFO">Started execution 'Count Check Run' → id=101</msg>
<status status="PASS" start="2026-05-05T22:25:54.020190" elapsed="0.006897"/>
</kw>
<kw name="I report case ${case_a} as passed" owner="testjam_e2e.testjam_library.TestjamLibrary" source_name="I report case ${case_id} as ${status}">
<msg time="2026-05-05T22:25:54.035367" level="INFO">Reported case 197 as 'passed' → result id=441</msg>
<status status="PASS" start="2026-05-05T22:25:54.027668" elapsed="0.007792"/>
</kw>
<kw name="I report case ${case_b} as failed" owner="testjam_e2e.testjam_library.TestjamLibrary" source_name="I report case ${case_id} as ${status}">
<msg time="2026-05-05T22:25:54.042489" level="INFO">Reported case 198 as 'failed' → result id=442</msg>
<status status="PASS" start="2026-05-05T22:25:54.035931" elapsed="0.006640"/>
</kw>
<kw name="The execution should have 2 results" owner="testjam_e2e.testjam_library.TestjamLibrary" source_name="the execution should have ${count} results">
<status status="PASS" start="2026-05-05T22:25:54.042846" elapsed="0.008134"/>
</kw>
<kw name="I clean up the current project" owner="testjam_e2e.testjam_library.TestjamLibrary" type="TEARDOWN">
<status status="PASS" start="2026-05-05T22:25:54.051248" elapsed="0.013861"/>
</kw>
<status status="PASS" start="2026-05-05T22:25:53.703669" elapsed="0.361885"/>
</test>
<test id="s1-s4-t3" name="Abort an execution" line="35">
<kw name="I am authenticated as admin" owner="testjam_e2e.testjam_library.TestjamLibrary">
<msg time="2026-05-05T22:25:54.353434" level="INFO">Authenticated as 'admin'</msg>
<status status="PASS" start="2026-05-05T22:25:54.134602" elapsed="0.218914"/>
</kw>
<kw name="I create a project named Abort Project" owner="testjam_e2e.testjam_library.TestjamLibrary" source_name="I create a project named ${name}">
<msg time="2026-05-05T22:25:54.373526" level="INFO">Created project 'Abort Project' → id=418</msg>
<status status="PASS" start="2026-05-05T22:25:54.353817" elapsed="0.019786"/>
</kw>
<kw name="I start an execution titled Run To Abort" owner="testjam_e2e.testjam_library.TestjamLibrary" source_name="I start an execution titled ${title}">
<msg time="2026-05-05T22:25:54.379621" level="INFO">Started execution 'Run To Abort' → id=102</msg>
<status status="PASS" start="2026-05-05T22:25:54.373890" elapsed="0.005804"/>
</kw>
<kw name="I abort the execution" owner="testjam_e2e.testjam_library.TestjamLibrary">
<status status="PASS" start="2026-05-05T22:25:54.379863" elapsed="0.008016"/>
</kw>
<kw name="The execution status should be aborted" owner="testjam_e2e.testjam_library.TestjamLibrary" source_name="the execution status should be ${status}">
<status status="PASS" start="2026-05-05T22:25:54.388258" elapsed="0.005310"/>
</kw>
<kw name="I clean up the current project" owner="testjam_e2e.testjam_library.TestjamLibrary" type="TEARDOWN">
<status status="PASS" start="2026-05-05T22:25:54.393775" elapsed="0.008671"/>
</kw>
<status status="PASS" start="2026-05-05T22:25:54.086097" elapsed="0.316433"/>
</test>
<test id="s1-s4-t4" name="Delete an execution" line="46">
<kw name="I am authenticated as admin" owner="testjam_e2e.testjam_library.TestjamLibrary">
<msg time="2026-05-05T22:25:54.687963" level="INFO">Authenticated as 'admin'</msg>
<status status="PASS" start="2026-05-05T22:25:54.473258" elapsed="0.214781"/>
</kw>
<kw name="I create a project named Cleanup Project" owner="testjam_e2e.testjam_library.TestjamLibrary" source_name="I create a project named ${name}">
<msg time="2026-05-05T22:25:54.709966" level="INFO">Created project 'Cleanup Project' → id=419</msg>
<status status="PASS" start="2026-05-05T22:25:54.688358" elapsed="0.021685"/>
</kw>
<kw name="I start an execution titled To Delete" owner="testjam_e2e.testjam_library.TestjamLibrary" source_name="I start an execution titled ${title}">
<msg time="2026-05-05T22:25:54.719409" level="INFO">Started execution 'To Delete' → id=103</msg>
<status status="PASS" start="2026-05-05T22:25:54.710328" elapsed="0.009172"/>
</kw>
<kw name="I complete the execution" owner="testjam_e2e.testjam_library.TestjamLibrary">
<status status="PASS" start="2026-05-05T22:25:54.719640" elapsed="0.009033"/>
</kw>
<kw name="I delete the execution" owner="testjam_e2e.testjam_library.TestjamLibrary">
<status status="PASS" start="2026-05-05T22:25:54.728908" elapsed="0.014146"/>
</kw>
<kw name="the execution should no longer exist" owner="testjam_e2e.testjam_library.TestjamLibrary">
<status status="PASS" start="2026-05-05T22:25:54.743288" elapsed="0.010794"/>
</kw>
<kw name="I clean up the current project" owner="testjam_e2e.testjam_library.TestjamLibrary" type="TEARDOWN">
<status status="PASS" start="2026-05-05T22:25:54.754394" elapsed="0.009699"/>
</kw>
<status status="PASS" start="2026-05-05T22:25:54.420032" elapsed="0.344171"/>
</test>
<status status="PASS" start="2026-05-05T22:25:53.318249" elapsed="1.472895"/>
</suite>
<suite id="s1-s5" name="05 Versions" source="/tests/e2e/suites/05_versions.robot">
<test id="s1-s5-t1" name="Create and read a version" line="6">
<kw name="I am authenticated as admin" owner="testjam_e2e.testjam_library.TestjamLibrary">
<msg time="2026-05-05T22:25:55.075457" level="INFO">Authenticated as 'admin'</msg>
<status status="PASS" start="2026-05-05T22:25:54.855232" elapsed="0.220311"/>
</kw>
<kw name="I create a project named Versioned App" owner="testjam_e2e.testjam_library.TestjamLibrary" source_name="I create a project named ${name}">
<msg time="2026-05-05T22:25:55.091312" level="INFO">Created project 'Versioned App' → id=420</msg>
<status status="PASS" start="2026-05-05T22:25:55.075893" elapsed="0.015497"/>
</kw>
<kw name="I create version 1.0.0" owner="testjam_e2e.testjam_library.TestjamLibrary" source_name="I create version ${name}">
<msg time="2026-05-05T22:25:55.095872" level="INFO">Created version '1.0.0' → id=112</msg>
<status status="PASS" start="2026-05-05T22:25:55.091720" elapsed="0.004225"/>
</kw>
<kw name="The version status should be active" owner="testjam_e2e.testjam_library.TestjamLibrary" source_name="the version status should be ${status}">
<status status="PASS" start="2026-05-05T22:25:55.096178" elapsed="0.003343"/>
</kw>
<kw name="I clean up the current project" owner="testjam_e2e.testjam_library.TestjamLibrary" type="TEARDOWN">
<status status="PASS" start="2026-05-05T22:25:55.099857" elapsed="0.009764"/>
</kw>
<status status="PASS" start="2026-05-05T22:25:54.797101" elapsed="0.312594"/>
</test>
<test id="s1-s5-t2" name="Release a version" line="16">
<kw name="I am authenticated as admin" owner="testjam_e2e.testjam_library.TestjamLibrary">
<msg time="2026-05-05T22:25:55.393548" level="INFO">Authenticated as 'admin'</msg>
<status status="PASS" start="2026-05-05T22:25:55.177745" elapsed="0.215913"/>
</kw>
<kw name="I create a project named Release App" owner="testjam_e2e.testjam_library.TestjamLibrary" source_name="I create a project named ${name}">
<msg time="2026-05-05T22:25:55.415516" level="INFO">Created project 'Release App' → id=421</msg>
<status status="PASS" start="2026-05-05T22:25:55.393958" elapsed="0.021670"/>
</kw>
<kw name="I create version 2.0.0" owner="testjam_e2e.testjam_library.TestjamLibrary" source_name="I create version ${name}">
<msg time="2026-05-05T22:25:55.421007" level="INFO">Created version '2.0.0' → id=113</msg>
<status status="PASS" start="2026-05-05T22:25:55.415995" elapsed="0.005106"/>
</kw>
<kw name="I release the version" owner="testjam_e2e.testjam_library.TestjamLibrary">
<status status="PASS" start="2026-05-05T22:25:55.421309" elapsed="0.008997"/>
</kw>
<kw name="The version status should be released" owner="testjam_e2e.testjam_library.TestjamLibrary" source_name="the version status should be ${status}">
<status status="PASS" start="2026-05-05T22:25:55.430754" elapsed="0.003084"/>
</kw>
<kw name="I clean up the current project" owner="testjam_e2e.testjam_library.TestjamLibrary" type="TEARDOWN">
<status status="PASS" start="2026-05-05T22:25:55.434106" elapsed="0.006858"/>
</kw>
<status status="PASS" start="2026-05-05T22:25:55.128964" elapsed="0.312081"/>
</test>
<test id="s1-s5-t3" name="Archive a version" line="27">
<kw name="I am authenticated as admin" owner="testjam_e2e.testjam_library.TestjamLibrary">
<msg time="2026-05-05T22:25:55.730877" level="INFO">Authenticated as 'admin'</msg>
<status status="PASS" start="2026-05-05T22:25:55.510012" elapsed="0.220979"/>
</kw>
<kw name="I create a project named Archive App" owner="testjam_e2e.testjam_library.TestjamLibrary" source_name="I create a project named ${name}">
<msg time="2026-05-05T22:25:55.748412" level="INFO">Created project 'Archive App' → id=422</msg>
<status status="PASS" start="2026-05-05T22:25:55.731328" elapsed="0.017175"/>
</kw>
<kw name="I create version 3.0.0" owner="testjam_e2e.testjam_library.TestjamLibrary" source_name="I create version ${name}">
<msg time="2026-05-05T22:25:55.755669" level="INFO">Created version '3.0.0' → id=114</msg>
<status status="PASS" start="2026-05-05T22:25:55.748809" elapsed="0.006963"/>
</kw>
<kw name="I release the version" owner="testjam_e2e.testjam_library.TestjamLibrary">
<status status="PASS" start="2026-05-05T22:25:55.755991" elapsed="0.004033"/>
</kw>
<kw name="I archive the version" owner="testjam_e2e.testjam_library.TestjamLibrary">
<status status="PASS" start="2026-05-05T22:25:55.760141" elapsed="0.003604"/>
</kw>
<kw name="The version status should be archived" owner="testjam_e2e.testjam_library.TestjamLibrary" source_name="the version status should be ${status}">
<status status="PASS" start="2026-05-05T22:25:55.763969" elapsed="0.002486"/>
</kw>
<kw name="I clean up the current project" owner="testjam_e2e.testjam_library.TestjamLibrary" type="TEARDOWN">
<status status="PASS" start="2026-05-05T22:25:55.766638" elapsed="0.009971"/>
</kw>
<status status="PASS" start="2026-05-05T22:25:55.457603" elapsed="0.319086"/>
</test>
<test id="s1-s5-t4" name="Delete a version" line="39">
<kw name="I am authenticated as admin" owner="testjam_e2e.testjam_library.TestjamLibrary">
<msg time="2026-05-05T22:25:56.046043" level="INFO">Authenticated as 'admin'</msg>
<status status="PASS" start="2026-05-05T22:25:55.834937" elapsed="0.211183"/>
</kw>
<kw name="I create a project named Delete Version App" owner="testjam_e2e.testjam_library.TestjamLibrary" source_name="I create a project named ${name}">
<msg time="2026-05-05T22:25:56.065476" level="INFO">Created project 'Delete Version App' → id=423</msg>
<status status="PASS" start="2026-05-05T22:25:56.046417" elapsed="0.019157"/>
</kw>
<kw name="I create version 0.1.0" owner="testjam_e2e.testjam_library.TestjamLibrary" source_name="I create version ${name}">
<msg time="2026-05-05T22:25:56.070102" level="INFO">Created version '0.1.0' → id=115</msg>
<status status="PASS" start="2026-05-05T22:25:56.065908" elapsed="0.004254"/>
</kw>
<kw name="I delete the version" owner="testjam_e2e.testjam_library.TestjamLibrary">
<status status="PASS" start="2026-05-05T22:25:56.070276" elapsed="0.003763"/>
</kw>
<kw name="the version should no longer exist" owner="testjam_e2e.testjam_library.TestjamLibrary">
<status status="PASS" start="2026-05-05T22:25:56.074171" elapsed="0.002625"/>
</kw>
<kw name="I clean up the current project" owner="testjam_e2e.testjam_library.TestjamLibrary" type="TEARDOWN">
<status status="PASS" start="2026-05-05T22:25:56.076969" elapsed="0.005949"/>
</kw>
<status status="PASS" start="2026-05-05T22:25:55.794879" elapsed="0.288238"/>
</test>
<test id="s1-s5-t5" name="Project accumulates multiple versions" line="50">
<kw name="I am authenticated as admin" owner="testjam_e2e.testjam_library.TestjamLibrary">
<msg time="2026-05-05T22:25:56.355892" level="INFO">Authenticated as 'admin'</msg>
<status status="PASS" start="2026-05-05T22:25:56.147898" elapsed="0.208074"/>
</kw>
<kw name="I create a project named Multi Version App" owner="testjam_e2e.testjam_library.TestjamLibrary" source_name="I create a project named ${name}">
<msg time="2026-05-05T22:25:56.375494" level="INFO">Created project 'Multi Version App' → id=424</msg>
<status status="PASS" start="2026-05-05T22:25:56.356281" elapsed="0.019286"/>
</kw>
<kw name="I create version 1.0.0" owner="testjam_e2e.testjam_library.TestjamLibrary" source_name="I create version ${name}">
<msg time="2026-05-05T22:25:56.382182" level="INFO">Created version '1.0.0' → id=116</msg>
<status status="PASS" start="2026-05-05T22:25:56.375825" elapsed="0.006421"/>
</kw>
<kw name="I create version 2.0.0" owner="testjam_e2e.testjam_library.TestjamLibrary" source_name="I create version ${name}">
<msg time="2026-05-05T22:25:56.386186" level="INFO">Created version '2.0.0' → id=117</msg>
<status status="PASS" start="2026-05-05T22:25:56.382485" elapsed="0.003757"/>
</kw>
<kw name="I create version 3.0.0" owner="testjam_e2e.testjam_library.TestjamLibrary" source_name="I create version ${name}">
<msg time="2026-05-05T22:25:56.389927" level="INFO">Created version '3.0.0' → id=118</msg>
<status status="PASS" start="2026-05-05T22:25:56.386470" elapsed="0.003508"/>
</kw>
<kw name="The project should have 3 versions" owner="testjam_e2e.testjam_library.TestjamLibrary" source_name="the project should have ${count} versions">
<status status="PASS" start="2026-05-05T22:25:56.390193" elapsed="0.006895"/>
</kw>
<kw name="I clean up the current project" owner="testjam_e2e.testjam_library.TestjamLibrary" type="TEARDOWN">
<status status="PASS" start="2026-05-05T22:25:56.397286" elapsed="0.006922"/>
</kw>
<status status="PASS" start="2026-05-05T22:25:56.100567" elapsed="0.303717"/>
</test>
<test id="s1-s5-t6" name="Execution linked to a version" line="62">
<kw name="I am authenticated as admin" owner="testjam_e2e.testjam_library.TestjamLibrary">
<msg time="2026-05-05T22:25:56.673122" level="INFO">Authenticated as 'admin'</msg>
<status status="PASS" start="2026-05-05T22:25:56.459846" elapsed="0.213381"/>
</kw>
<kw name="I create a project named Linked App" owner="testjam_e2e.testjam_library.TestjamLibrary" source_name="I create a project named ${name}">
<msg time="2026-05-05T22:25:56.691345" level="INFO">Created project 'Linked App' → id=425</msg>
<status status="PASS" start="2026-05-05T22:25:56.673625" elapsed="0.017805"/>
</kw>
<kw name="I create version v1.2.3" owner="testjam_e2e.testjam_library.TestjamLibrary" source_name="I create version ${name}">
<msg time="2026-05-05T22:25:56.695563" level="INFO">Created version 'v1.2.3' → id=119</msg>
<status status="PASS" start="2026-05-05T22:25:56.691695" elapsed="0.003938"/>
</kw>
<kw name="I start a versioned execution titled Regression Run" owner="testjam_e2e.testjam_library.TestjamLibrary" source_name="I start a versioned execution titled ${title}">
<msg time="2026-05-05T22:25:56.704938" level="INFO">Started versioned execution 'Regression Run' → id=104</msg>
<status status="PASS" start="2026-05-05T22:25:56.695889" elapsed="0.009124"/>
</kw>
<kw name="the execution version should be set" owner="testjam_e2e.testjam_library.TestjamLibrary">
<status status="PASS" start="2026-05-05T22:25:56.705211" elapsed="0.003813"/>
</kw>
<kw name="I clean up the current project" owner="testjam_e2e.testjam_library.TestjamLibrary" type="TEARDOWN">
<status status="PASS" start="2026-05-05T22:25:56.709455" elapsed="0.011034"/>
</kw>
<status status="PASS" start="2026-05-05T22:25:56.422022" elapsed="0.298543"/>
</test>
<test id="s1-s5-t7" name="Version with VCS tag" line="73">
<kw name="I am authenticated as admin" owner="testjam_e2e.testjam_library.TestjamLibrary">
<msg time="2026-05-05T22:25:57.007681" level="INFO">Authenticated as 'admin'</msg>
<status status="PASS" start="2026-05-05T22:25:56.787129" elapsed="0.220649"/>
</kw>
<kw name="I create a project named Tagged App" owner="testjam_e2e.testjam_library.TestjamLibrary" source_name="I create a project named ${name}">
<msg time="2026-05-05T22:25:57.024940" level="INFO">Created project 'Tagged App' → id=426</msg>
<status status="PASS" start="2026-05-05T22:25:57.008079" elapsed="0.016945"/>
</kw>
<kw name="I create version 1.0.0 tagged v1.0.0" owner="testjam_e2e.testjam_library.TestjamLibrary" source_name="I create version ${name} tagged ${vcs_tag}">
<msg time="2026-05-05T22:25:57.029560" level="INFO">Created version '1.0.0' → id=120</msg>
<status status="PASS" start="2026-05-05T22:25:57.025344" elapsed="0.004285"/>
</kw>
<kw name="The version status should be active" owner="testjam_e2e.testjam_library.TestjamLibrary" source_name="the version status should be ${status}">
<status status="PASS" start="2026-05-05T22:25:57.029870" elapsed="0.003036"/>
</kw>
<kw name="I clean up the current project" owner="testjam_e2e.testjam_library.TestjamLibrary" type="TEARDOWN">
<status status="PASS" start="2026-05-05T22:25:57.033970" elapsed="0.009146"/>
</kw>
<status status="PASS" start="2026-05-05T22:25:56.739316" elapsed="0.303899"/>
</test>
<status status="PASS" start="2026-05-05T22:25:54.791652" elapsed="2.271508"/>
</suite>
<suite id="s1-s6" name="06 Imports" source="/tests/e2e/suites/06_imports.robot">
<test id="s1-s6-t1" name="Import JUnit results and match by external ID" line="11">
<kw name="I am authenticated as admin" owner="testjam_e2e.testjam_library.TestjamLibrary">
<msg time="2026-05-05T22:25:57.349257" level="INFO">Authenticated as 'admin'</msg>
<status status="PASS" start="2026-05-05T22:25:57.136418" elapsed="0.212914"/>
</kw>
<kw name="I create a project named JUnit Import Project" owner="testjam_e2e.testjam_library.TestjamLibrary" source_name="I create a project named ${name}">
<msg time="2026-05-05T22:25:57.368840" level="INFO">Created project 'JUnit Import Project' → id=427</msg>
<status status="PASS" start="2026-05-05T22:25:57.349692" elapsed="0.019226"/>
</kw>
<kw name="I create a suite named Login Test Suite" owner="testjam_e2e.testjam_library.TestjamLibrary" source_name="I create a suite named ${name}">
<msg time="2026-05-05T22:25:57.374945" level="INFO">Created suite 'Login Test Suite' → id=232</msg>
<status status="PASS" start="2026-05-05T22:25:57.369224" elapsed="0.005781"/>
</kw>
<kw name="I create a test case named Happy Path Login with external id com.example.LoginTest.testHappyPath" owner="testjam_e2e.testjam_library.TestjamLibrary" source_name="I create a test case named ${name} with external id ${external_id}">
<msg time="2026-05-05T22:25:57.380469" level="INFO">Created case 'Happy Path Login' (external_id=com.example.LoginTest.testHappyPath) → id=199</msg>
<status status="PASS" start="2026-05-05T22:25:57.375288" elapsed="0.005246"/>
</kw>
<kw name="I create a test case named Wrong Password with external id com.example.LoginTest.testWrongPassword" owner="testjam_e2e.testjam_library.TestjamLibrary" source_name="I create a test case named ${name} with external id ${external_id}">
<msg time="2026-05-05T22:25:57.385853" level="INFO">Created case 'Wrong Password' (external_id=com.example.LoginTest.testWrongPassword) → id=200</msg>
<status status="PASS" start="2026-05-05T22:25:57.380868" elapsed="0.005149"/>
</kw>
<kw name="I start an execution titled JUnit Run for the current suite" owner="testjam_e2e.testjam_library.TestjamLibrary" source_name="I start an execution titled ${title} for the current suite">
<status status="PASS" start="2026-05-05T22:25:57.386545" elapsed="0.012956"/>
</kw>
<kw name="I import JUnit results from ${JUNIT_FILE} and store the summary" owner="testjam_e2e.testjam_library.TestjamLibrary" source_name="I import JUnit results from ${file_path} and store the summary">
<msg time="2026-05-05T22:25:57.409036" level="INFO">JUnit import: 0 updated, [] errors</msg>
<status status="PASS" start="2026-05-05T22:25:57.399970" elapsed="0.009142"/>
</kw>
<kw name="The import should have updated 2 results" owner="testjam_e2e.testjam_library.TestjamLibrary" source_name="the import should have updated ${count} results">
<status status="PASS" start="2026-05-05T22:25:57.409385" elapsed="0.000133"/>
</kw>
<kw name="I clean up the current project" owner="testjam_e2e.testjam_library.TestjamLibrary" type="TEARDOWN">
<status status="PASS" start="2026-05-05T22:25:57.409693" elapsed="0.012160"/>
</kw>
<status status="PASS" start="2026-05-05T22:25:57.072444" elapsed="0.349986"/>
</test>
<test id="s1-s6-t2" name="Import Robot Framework results and match by title" line="25">
<kw name="I am authenticated as admin" owner="testjam_e2e.testjam_library.TestjamLibrary">
<msg time="2026-05-05T22:25:57.708357" level="INFO">Authenticated as 'admin'</msg>
<status status="PASS" start="2026-05-05T22:25:57.499541" elapsed="0.208904"/>
</kw>
<kw name="I create a project named RF Import Project" owner="testjam_e2e.testjam_library.TestjamLibrary" source_name="I create a project named ${name}">
<msg time="2026-05-05T22:25:57.727492" level="INFO">Created project 'RF Import Project' → id=428</msg>
<status status="PASS" start="2026-05-05T22:25:57.708766" elapsed="0.018802"/>
</kw>
<kw name="I create a suite named Login Suite" owner="testjam_e2e.testjam_library.TestjamLibrary" source_name="I create a suite named ${name}">
<msg time="2026-05-05T22:25:57.740289" level="INFO">Created suite 'Login Suite' → id=233</msg>
<status status="PASS" start="2026-05-05T22:25:57.727854" elapsed="0.012504"/>
</kw>
<kw name="I create a test case named Happy Path Login" owner="testjam_e2e.testjam_library.TestjamLibrary" source_name="I create a test case named ${name}">
<msg time="2026-05-05T22:25:57.746925" level="INFO">Created case 'Happy Path Login' → id=201</msg>
<status status="PASS" start="2026-05-05T22:25:57.740623" elapsed="0.006499"/>
</kw>
<kw name="I add a step Open The Login Page to the test case" owner="testjam_e2e.testjam_library.TestjamLibrary" source_name="I add a step ${action} to the test case">
<msg time="2026-05-05T22:25:57.754594" level="INFO">Added action step 'Open The Login Page' → id=2740</msg>
<status status="PASS" start="2026-05-05T22:25:57.748441" elapsed="0.006221"/>
</kw>
<kw name="I add a step Enter Valid Credentials to the test case" owner="testjam_e2e.testjam_library.TestjamLibrary" source_name="I add a step ${action} to the test case">
<msg time="2026-05-05T22:25:57.759176" level="INFO">Added action step 'Enter Valid Credentials' → id=2741</msg>
<status status="PASS" start="2026-05-05T22:25:57.754962" elapsed="0.004284"/>
</kw>
<kw name="I add a step Submit The Form to the test case" owner="testjam_e2e.testjam_library.TestjamLibrary" source_name="I add a step ${action} to the test case">
<msg time="2026-05-05T22:25:57.767550" level="INFO">Added action step 'Submit The Form' → id=2742</msg>
<status status="PASS" start="2026-05-05T22:25:57.759574" elapsed="0.008088"/>
</kw>
<kw name="I start an execution titled RF Run for the current suite" owner="testjam_e2e.testjam_library.TestjamLibrary" source_name="I start an execution titled ${title} for the current suite">
<status status="PASS" start="2026-05-05T22:25:57.768121" elapsed="0.009423"/>
</kw>
<kw name="I import Robot Framework results from ${RF_FILE} and store the summary" owner="testjam_e2e.testjam_library.TestjamLibrary" source_name="I import Robot Framework results from ${file_path} and store the summary">
<msg time="2026-05-05T22:25:57.790015" level="INFO">RF import: 0 updated, [] errors</msg>
<status status="PASS" start="2026-05-05T22:25:57.778008" elapsed="0.012086"/>
</kw>
<kw name="The import should have updated 1 results" owner="testjam_e2e.testjam_library.TestjamLibrary" source_name="the import should have updated ${count} results">
<status status="PASS" start="2026-05-05T22:25:57.790395" elapsed="0.000116"/>
</kw>
<kw name="I clean up the current project" owner="testjam_e2e.testjam_library.TestjamLibrary" type="TEARDOWN">
<status status="PASS" start="2026-05-05T22:25:57.790709" elapsed="0.013551"/>
</kw>
<status status="PASS" start="2026-05-05T22:25:57.445402" elapsed="0.358941"/>
</test>
<status status="PASS" start="2026-05-05T22:25:57.063479" elapsed="0.759463"/>
</suite>
<suite id="s1-s7" name="07 Members" source="/tests/e2e/suites/07_members.robot">
<test id="s1-s7-t1" name="Add and list project members" line="6">
<kw name="I am authenticated as admin" owner="testjam_e2e.testjam_library.TestjamLibrary">
<msg time="2026-05-05T22:25:58.088668" level="INFO">Authenticated as 'admin'</msg>
<status status="PASS" start="2026-05-05T22:25:57.877791" elapsed="0.210950"/>
</kw>
<kw name="I create a project named Member Test Project" owner="testjam_e2e.testjam_library.TestjamLibrary" source_name="I create a project named ${name}">
<msg time="2026-05-05T22:25:58.107990" level="INFO">Created project 'Member Test Project' → id=429</msg>
<status status="PASS" start="2026-05-05T22:25:58.088981" elapsed="0.019091"/>
</kw>
<kw name="I create a user named tester1 with password pw123" owner="testjam_e2e.testjam_library.TestjamLibrary" source_name="I create a user named ${username} with password ${password}">
<msg time="2026-05-05T22:25:58.115353" level="INFO">User 'tester1' already exists → id=3</msg>
<status status="PASS" start="2026-05-05T22:25:58.108366" elapsed="0.007051"/>
</kw>
<kw name="I add tester1 as tester to the project" owner="testjam_e2e.testjam_library.TestjamLibrary" source_name="I add ${username} as ${role} to the project">
<msg time="2026-05-05T22:25:58.124772" level="INFO">Added 'tester1' as tester</msg>
<status status="PASS" start="2026-05-05T22:25:58.115730" elapsed="0.009200"/>
</kw>
<kw name="the project should have 2 members" owner="testjam_e2e.testjam_library.TestjamLibrary" source_name="the project should have ${count} members">
<status status="PASS" start="2026-05-05T22:25:58.125458" elapsed="0.006449"/>
</kw>
<kw name="tester1 should have role tester in the project" owner="testjam_e2e.testjam_library.TestjamLibrary" source_name="${username} should have role ${role} in the project">
<status status="PASS" start="2026-05-05T22:25:58.132155" elapsed="0.003092"/>
</kw>
<kw name="I clean up the current project" owner="testjam_e2e.testjam_library.TestjamLibrary" type="TEARDOWN">
<status status="PASS" start="2026-05-05T22:25:58.135427" elapsed="0.004853"/>
</kw>
<status status="PASS" start="2026-05-05T22:25:57.828358" elapsed="0.311987"/>
</test>
<test id="s1-s7-t2" name="Update member role" line="15">
<kw name="I am authenticated as admin" owner="testjam_e2e.testjam_library.TestjamLibrary">
<msg time="2026-05-05T22:25:58.418162" level="INFO">Authenticated as 'admin'</msg>
<status status="PASS" start="2026-05-05T22:25:58.208968" elapsed="0.209282"/>
</kw>
<kw name="I create a project named Role Update Project" owner="testjam_e2e.testjam_library.TestjamLibrary" source_name="I create a project named ${name}">
<msg time="2026-05-05T22:25:58.436707" level="INFO">Created project 'Role Update Project' → id=430</msg>
<status status="PASS" start="2026-05-05T22:25:58.418631" elapsed="0.018153"/>
</kw>
<kw name="I create a user named roleuser with password pw123" owner="testjam_e2e.testjam_library.TestjamLibrary" source_name="I create a user named ${username} with password ${password}">
<msg time="2026-05-05T22:25:58.443008" level="INFO">User 'roleuser' already exists → id=4</msg>
<status status="PASS" start="2026-05-05T22:25:58.437060" elapsed="0.006013"/>
</kw>
<kw name="I add roleuser as viewer to the project" owner="testjam_e2e.testjam_library.TestjamLibrary" source_name="I add ${username} as ${role} to the project">
<msg time="2026-05-05T22:25:58.451515" level="INFO">Added 'roleuser' as viewer</msg>
<status status="PASS" start="2026-05-05T22:25:58.443315" elapsed="0.008261"/>
</kw>
<kw name="roleuser should have role viewer in the project" owner="testjam_e2e.testjam_library.TestjamLibrary" source_name="${username} should have role ${role} in the project">
<status status="PASS" start="2026-05-05T22:25:58.451833" elapsed="0.004248"/>
</kw>
<kw name="I update roleuser role to tester" owner="testjam_e2e.testjam_library.TestjamLibrary" source_name="I update ${username} role to ${role}">
<status status="PASS" start="2026-05-05T22:25:58.457510" elapsed="0.010116"/>
</kw>
<kw name="roleuser should have role tester in the project" owner="testjam_e2e.testjam_library.TestjamLibrary" source_name="${username} should have role ${role} in the project">
<status status="PASS" start="2026-05-05T22:25:58.467887" elapsed="0.003048"/>
</kw>
<kw name="I clean up the current project" owner="testjam_e2e.testjam_library.TestjamLibrary" type="TEARDOWN">
<status status="PASS" start="2026-05-05T22:25:58.471131" elapsed="0.009182"/>
</kw>
<status status="PASS" start="2026-05-05T22:25:58.157763" elapsed="0.322624"/>
</test>
<test id="s1-s7-t3" name="Remove member from project" line="25">
<kw name="I am authenticated as admin" owner="testjam_e2e.testjam_library.TestjamLibrary">
<msg time="2026-05-05T22:25:58.757433" level="INFO">Authenticated as 'admin'</msg>
<status status="PASS" start="2026-05-05T22:25:58.548810" elapsed="0.208699"/>
</kw>
<kw name="I create a project named Remove Member Project" owner="testjam_e2e.testjam_library.TestjamLibrary" source_name="I create a project named ${name}">
<msg time="2026-05-05T22:25:58.776550" level="INFO">Created project 'Remove Member Project' → id=431</msg>
<status status="PASS" start="2026-05-05T22:25:58.757764" elapsed="0.018858"/>
</kw>
<kw name="I create a user named removeme with password pw123" owner="testjam_e2e.testjam_library.TestjamLibrary" source_name="I create a user named ${username} with password ${password}">
<msg time="2026-05-05T22:25:58.782278" level="INFO">User 'removeme' already exists → id=5</msg>
<status status="PASS" start="2026-05-05T22:25:58.776888" elapsed="0.005467"/>
</kw>
<kw name="I add removeme as viewer to the project" owner="testjam_e2e.testjam_library.TestjamLibrary" source_name="I add ${username} as ${role} to the project">
<msg time="2026-05-05T22:25:58.798842" level="INFO">Added 'removeme' as viewer</msg>
<status status="PASS" start="2026-05-05T22:25:58.782674" elapsed="0.016265"/>
</kw>
<kw name="the project should have 2 members" owner="testjam_e2e.testjam_library.TestjamLibrary" source_name="the project should have ${count} members">
<status status="PASS" start="2026-05-05T22:25:58.799289" elapsed="0.003581"/>
</kw>
<kw name="I remove removeme from the project" owner="testjam_e2e.testjam_library.TestjamLibrary" source_name="I remove ${username} from the project">
<status status="PASS" start="2026-05-05T22:25:58.803123" elapsed="0.006770"/>
</kw>
<kw name="the project should have 1 members" owner="testjam_e2e.testjam_library.TestjamLibrary" source_name="the project should have ${count} members">
<status status="PASS" start="2026-05-05T22:25:58.810136" elapsed="0.006878"/>
</kw>
<kw name="I clean up the current project" owner="testjam_e2e.testjam_library.TestjamLibrary" type="TEARDOWN">
<status status="PASS" start="2026-05-05T22:25:58.817220" elapsed="0.005247"/>
</kw>
<status status="PASS" start="2026-05-05T22:25:58.496937" elapsed="0.325616"/>
</test>
<test id="s1-s7-t4" name="Invalid role is rejected" line="35">
<kw name="I am authenticated as admin" owner="testjam_e2e.testjam_library.TestjamLibrary">
<msg time="2026-05-05T22:25:59.088177" level="INFO">Authenticated as 'admin'</msg>
<status status="PASS" start="2026-05-05T22:25:58.880534" elapsed="0.207720"/>
</kw>
<kw name="I create a project named Invalid Role Project" owner="testjam_e2e.testjam_library.TestjamLibrary" source_name="I create a project named ${name}">
<msg time="2026-05-05T22:25:59.106768" level="INFO">Created project 'Invalid Role Project' → id=432</msg>
<status status="PASS" start="2026-05-05T22:25:59.088540" elapsed="0.018305"/>
</kw>
<kw name="I create a user named roletest with password pw123" owner="testjam_e2e.testjam_library.TestjamLibrary" source_name="I create a user named ${username} with password ${password}">
<msg time="2026-05-05T22:25:59.113003" level="INFO">User 'roletest' already exists → id=6</msg>
<status status="PASS" start="2026-05-05T22:25:59.107127" elapsed="0.005946"/>
</kw>
<kw name="I try to add roletest as superadmin to the project" owner="testjam_e2e.testjam_library.TestjamLibrary" source_name="I try to add ${username} as ${role} to the project">
<status status="PASS" start="2026-05-05T22:25:59.113340" elapsed="0.005193"/>
</kw>
<kw name="The response status should be 400" owner="testjam_e2e.testjam_library.TestjamLibrary" source_name="the response status should be ${expected_status}">
<status status="PASS" start="2026-05-05T22:25:59.118762" elapsed="0.000092"/>
</kw>
<kw name="I clean up the current project" owner="testjam_e2e.testjam_library.TestjamLibrary" type="TEARDOWN">
<status status="PASS" start="2026-05-05T22:25:59.118992" elapsed="0.005193"/>
</kw>
<status status="PASS" start="2026-05-05T22:25:58.840795" elapsed="0.283471"/>
</test>
<status status="PASS" start="2026-05-05T22:25:57.823235" elapsed="1.320509"/>
</suite>
<suite id="s1-s8" name="08 Tokens" source="/tests/e2e/suites/08_tokens.robot">
<test id="s1-s8-t1" name="Create and use a user token" line="6">
<kw name="I am authenticated as admin" owner="testjam_e2e.testjam_library.TestjamLibrary">
<msg time="2026-05-05T22:25:59.394191" level="INFO">Authenticated as 'admin'</msg>
<status status="PASS" start="2026-05-05T22:25:59.185894" elapsed="0.208369"/>
</kw>
<kw name="I create a user token named CI Pipeline" owner="testjam_e2e.testjam_library.TestjamLibrary" source_name="I create a user token named ${name}">
<msg time="2026-05-05T22:25:59.404326" level="INFO">Created user token 'CI Pipeline': tj_K1vyqJ6ii…</msg>
<msg time="2026-05-05T22:25:59.404451" level="INFO">${token} = tj_K1vyqJ6iiqABqlLFz5n3Nl41o-jkmAjuq4d66Bo5Sbc</msg>
<var>${token}</var>
<status status="PASS" start="2026-05-05T22:25:59.394586" elapsed="0.009888"/>
</kw>
<kw name="I authenticate using token ${token}" owner="testjam_e2e.testjam_library.TestjamLibrary" source_name="I authenticate using token ${token}">
<status status="PASS" start="2026-05-05T22:25:59.404945" elapsed="0.000136"/>
</kw>
<kw name="The current user should be admin" owner="testjam_e2e.testjam_library.TestjamLibrary" source_name="the current user should be ${username}">
<status status="PASS" start="2026-05-05T22:25:59.405275" elapsed="0.004005"/>
</kw>
<status status="PASS" start="2026-05-05T22:25:59.151794" elapsed="0.257599"/>
</test>
<test id="s1-s8-t2" name="User token is listed with prefix only" line="12">
<kw name="I am authenticated as admin" owner="testjam_e2e.testjam_library.TestjamLibrary">
<msg time="2026-05-05T22:25:59.670226" level="INFO">Authenticated as 'admin'</msg>
<status status="PASS" start="2026-05-05T22:25:59.462198" elapsed="0.208113"/>
</kw>
<kw name="I create a user token named Listed Token" owner="testjam_e2e.testjam_library.TestjamLibrary" source_name="I create a user token named ${name}">
<msg time="2026-05-05T22:25:59.687229" level="INFO">Created user token 'Listed Token': tj_HFw2jT_HE…</msg>
<status status="PASS" start="2026-05-05T22:25:59.670677" elapsed="0.016640"/>
</kw>
<kw name="I list my user tokens" owner="testjam_e2e.testjam_library.TestjamLibrary">
<msg time="2026-05-05T22:25:59.691078" level="INFO">${tokens} = [{'id': 1, 'name': 'CI Pipeline', 'prefix': 'tj_CteILwbXt', 'user_id': 1, 'project_id': None, 'created_at': '2026-05-04T08:29:32.312072', 'last_used_at': '2026-05-04T08:29:32.336691'}, {'id': 2, 'name...</msg>
<var>${tokens}</var>
<status status="PASS" start="2026-05-05T22:25:59.687482" elapsed="0.003623"/>
</kw>
<kw name="Should Be True" owner="BuiltIn">
<arg>len($tokens) &gt;= 1</arg>
<doc>Fails if the given condition is not true.</doc>
<status status="PASS" start="2026-05-05T22:25:59.691320" elapsed="0.000340"/>
</kw>
<status status="PASS" start="2026-05-05T22:25:59.426660" elapsed="0.265101"/>
</test>
<test id="s1-s8-t3" name="Create and use a project token" line="18">
<kw name="I am authenticated as admin" owner="testjam_e2e.testjam_library.TestjamLibrary">
<msg time="2026-05-05T22:25:59.958252" level="INFO">Authenticated as 'admin'</msg>
<status status="PASS" start="2026-05-05T22:25:59.750876" elapsed="0.207446"/>
</kw>
<kw name="I create a project named Project Token Project" owner="testjam_e2e.testjam_library.TestjamLibrary" source_name="I create a project named ${name}">
<msg time="2026-05-05T22:25:59.976709" level="INFO">Created project 'Project Token Project' → id=433</msg>
<status status="PASS" start="2026-05-05T22:25:59.958642" elapsed="0.018145"/>
</kw>
<kw name="I create a project token named Listener" owner="testjam_e2e.testjam_library.TestjamLibrary" source_name="I create a project token named ${name}">
<msg time="2026-05-05T22:25:59.982402" level="INFO">Created project token 'Listener': tj_PMbOnP2WL…</msg>
<msg time="2026-05-05T22:25:59.982517" level="INFO">${token} = tj_PMbOnP2WLkeNXGpiKIoFE5H0ZTw0Am3_kalwQV_3b4A</msg>
<var>${token}</var>
<status status="PASS" start="2026-05-05T22:25:59.977088" elapsed="0.005445"/>
</kw>
<kw name="the project should have 1 api tokens" owner="testjam_e2e.testjam_library.TestjamLibrary" source_name="the project should have ${count} api tokens">
<status status="PASS" start="2026-05-05T22:25:59.982775" elapsed="0.003516"/>
</kw>
<kw name="I authenticate using token ${token}" owner="testjam_e2e.testjam_library.TestjamLibrary" source_name="I authenticate using token ${token}">
<status status="PASS" start="2026-05-05T22:25:59.986681" elapsed="0.000118"/>
</kw>
<kw name="The current user should be admin" owner="testjam_e2e.testjam_library.TestjamLibrary" source_name="the current user should be ${username}">
<status status="PASS" start="2026-05-05T22:25:59.986991" elapsed="0.003775"/>
</kw>
<kw name="I clean up the current project" owner="testjam_e2e.testjam_library.TestjamLibrary" type="TEARDOWN">
<status status="PASS" start="2026-05-05T22:25:59.990934" elapsed="0.009722"/>
</kw>
<status status="PASS" start="2026-05-05T22:25:59.703914" elapsed="0.296827"/>
</test>
<test id="s1-s8-t4" name="Revoke a project token blocks further access" line="27">
<kw name="I am authenticated as admin" owner="testjam_e2e.testjam_library.TestjamLibrary">
<msg time="2026-05-05T22:26:00.266250" level="INFO">Authenticated as 'admin'</msg>
<status status="PASS" start="2026-05-05T22:26:00.059360" elapsed="0.206959"/>
</kw>
<kw name="I create a project named Revoke Token Project" owner="testjam_e2e.testjam_library.TestjamLibrary" source_name="I create a project named ${name}">
<msg time="2026-05-05T22:26:00.286048" level="INFO">Created project 'Revoke Token Project' → id=434</msg>
<status status="PASS" start="2026-05-05T22:26:00.266607" elapsed="0.019531"/>
</kw>
<kw name="I create a project token named Temp Token" owner="testjam_e2e.testjam_library.TestjamLibrary" source_name="I create a project token named ${name}">
<msg time="2026-05-05T22:26:00.292029" level="INFO">Created project token 'Temp Token': tj_W5DLJSG2e…</msg>
<status status="PASS" start="2026-05-05T22:26:00.286479" elapsed="0.005615"/>
</kw>
<kw name="the project should have 1 api tokens" owner="testjam_e2e.testjam_library.TestjamLibrary" source_name="the project should have ${count} api tokens">
<status status="PASS" start="2026-05-05T22:26:00.292365" elapsed="0.003040"/>
</kw>
<kw name="I revoke the project token named Temp Token" owner="testjam_e2e.testjam_library.TestjamLibrary" source_name="I revoke the project token named ${name}">
<status status="PASS" start="2026-05-05T22:26:00.295675" elapsed="0.006479"/>
</kw>
<kw name="the project should have 0 api tokens" owner="testjam_e2e.testjam_library.TestjamLibrary" source_name="the project should have ${count} api tokens">
<status status="PASS" start="2026-05-05T22:26:00.302482" elapsed="0.007115"/>
</kw>
<kw name="I clean up the current project" owner="testjam_e2e.testjam_library.TestjamLibrary" type="TEARDOWN">
<status status="PASS" start="2026-05-05T22:26:00.309867" elapsed="0.005007"/>
</kw>
<status status="PASS" start="2026-05-05T22:26:00.018320" elapsed="0.296641"/>
</test>
<test id="s1-s8-t5" name="Non-owner cannot create project token" line="36">
<kw name="I am authenticated as admin" owner="testjam_e2e.testjam_library.TestjamLibrary">
<msg time="2026-05-05T22:26:00.581535" level="INFO">Authenticated as 'admin'</msg>
<status status="PASS" start="2026-05-05T22:26:00.373954" elapsed="0.207655"/>
</kw>
<kw name="I create a project named Protected Token Project" owner="testjam_e2e.testjam_library.TestjamLibrary" source_name="I create a project named ${name}">
<msg time="2026-05-05T22:26:00.600739" level="INFO">Created project 'Protected Token Project' → id=435</msg>
<status status="PASS" start="2026-05-05T22:26:00.581903" elapsed="0.018909"/>
</kw>
<kw name="I create a user named nontokenuser with password pw123" owner="testjam_e2e.testjam_library.TestjamLibrary" source_name="I create a user named ${username} with password ${password}">
<msg time="2026-05-05T22:26:00.606849" level="INFO">User 'nontokenuser' already exists → id=7</msg>
<status status="PASS" start="2026-05-05T22:26:00.601082" elapsed="0.005836"/>
</kw>
<kw name="I log in as nontokenuser with password pw123" owner="testjam_e2e.testjam_library.TestjamLibrary" source_name="I log in as ${username} with password ${password}">
<msg time="2026-05-05T22:26:00.814696" level="INFO">Authenticated as 'nontokenuser'</msg>
<status status="PASS" start="2026-05-05T22:26:00.607150" elapsed="0.207626"/>
</kw>
<kw name="I try to create a project token named Forbidden" owner="testjam_e2e.testjam_library.TestjamLibrary" source_name="I try to create a project token named ${name}">
<status status="PASS" start="2026-05-05T22:26:00.815070" elapsed="0.007181"/>
</kw>
<kw name="The response status should be 403" owner="testjam_e2e.testjam_library.TestjamLibrary" source_name="the response status should be ${expected_status}">
<status status="PASS" start="2026-05-05T22:26:00.822552" elapsed="0.000109"/>
</kw>
<kw name="I clean up the current project" owner="testjam_e2e.testjam_library.TestjamLibrary" type="TEARDOWN">
<status status="PASS" start="2026-05-05T22:26:00.822824" elapsed="0.016508"/>
</kw>
<status status="PASS" start="2026-05-05T22:26:00.332470" elapsed="0.506990"/>
</test>
<status status="PASS" start="2026-05-05T22:25:59.144481" elapsed="1.715531"/>
</suite>
<suite id="s1-s9" name="09 Nested Suites" source="/tests/e2e/suites/09_nested_suites.robot">
<test id="s1-s9-t1" name="Create a sub-suite inside a parent suite" line="6">
<kw name="I am authenticated as admin" owner="testjam_e2e.testjam_library.TestjamLibrary">
<msg time="2026-05-05T22:26:01.122748" level="INFO">Authenticated as 'admin'</msg>
<status status="PASS" start="2026-05-05T22:26:00.912866" elapsed="0.209963"/>
</kw>
<kw name="I create a project named Nested Suite Project" owner="testjam_e2e.testjam_library.TestjamLibrary" source_name="I create a project named ${name}">
<msg time="2026-05-05T22:26:01.144751" level="INFO">Created project 'Nested Suite Project' → id=436</msg>
<status status="PASS" start="2026-05-05T22:26:01.123130" elapsed="0.021699"/>
</kw>
<kw name="I create a suite named Parent Suite" owner="testjam_e2e.testjam_library.TestjamLibrary" source_name="I create a suite named ${name}">
<msg time="2026-05-05T22:26:01.150594" level="INFO">Created suite 'Parent Suite' → id=234</msg>
<status status="PASS" start="2026-05-05T22:26:01.145111" elapsed="0.005550"/>
</kw>
<kw name="I create a sub-suite named Child Suite inside the current suite" owner="testjam_e2e.testjam_library.TestjamLibrary" source_name="I create a sub-suite named ${name} inside the current suite">
<msg time="2026-05-05T22:26:01.156143" level="INFO">Created sub-suite 'Child Suite' → id=235</msg>
<status status="PASS" start="2026-05-05T22:26:01.150912" elapsed="0.005297"/>
</kw>
<kw name="The current suite should have 1 child suites" owner="testjam_e2e.testjam_library.TestjamLibrary" source_name="the current suite should have ${count} child suites">
<status status="PASS" start="2026-05-05T22:26:01.156458" elapsed="0.006844"/>
</kw>
<kw name="the child suites list should contain the sub-suite" owner="testjam_e2e.testjam_library.TestjamLibrary">
<status status="PASS" start="2026-05-05T22:26:01.163458" elapsed="0.003523"/>
</kw>
<kw name="I clean up the current project" owner="testjam_e2e.testjam_library.TestjamLibrary" type="TEARDOWN">
<status status="PASS" start="2026-05-05T22:26:01.167156" elapsed="0.006856"/>
</kw>
<status status="PASS" start="2026-05-05T22:26:00.864980" elapsed="0.309115"/>
</test>
<test id="s1-s9-t2" name="Root suite list does not include child suites" line="15">
<kw name="I am authenticated as admin" owner="testjam_e2e.testjam_library.TestjamLibrary">
<msg time="2026-05-05T22:26:01.441089" level="INFO">Authenticated as 'admin'</msg>
<status status="PASS" start="2026-05-05T22:26:01.233387" elapsed="0.207787"/>
</kw>
<kw name="I create a project named Root List Project" owner="testjam_e2e.testjam_library.TestjamLibrary" source_name="I create a project named ${name}">
<msg time="2026-05-05T22:26:01.460309" level="INFO">Created project 'Root List Project' → id=437</msg>
<status status="PASS" start="2026-05-05T22:26:01.441529" elapsed="0.018864"/>
</kw>
<kw name="I create a suite named Top Level Suite" owner="testjam_e2e.testjam_library.TestjamLibrary" source_name="I create a suite named ${name}">
<msg time="2026-05-05T22:26:01.466885" level="INFO">Created suite 'Top Level Suite' → id=236</msg>
<status status="PASS" start="2026-05-05T22:26:01.460705" elapsed="0.006261"/>
</kw>
<kw name="I create a sub-suite named Nested Suite inside the current suite" owner="testjam_e2e.testjam_library.TestjamLibrary" source_name="I create a sub-suite named ${name} inside the current suite">
<msg time="2026-05-05T22:26:01.473270" level="INFO">Created sub-suite 'Nested Suite' → id=237</msg>
<status status="PASS" start="2026-05-05T22:26:01.467233" elapsed="0.006116"/>
</kw>
<kw name="The project should have 1 suites" owner="testjam_e2e.testjam_library.TestjamLibrary" source_name="the project should have ${count} suites">
<status status="PASS" start="2026-05-05T22:26:01.473633" elapsed="0.004281"/>
</kw>
<kw name="I clean up the current project" owner="testjam_e2e.testjam_library.TestjamLibrary" type="TEARDOWN">
<status status="PASS" start="2026-05-05T22:26:01.478515" elapsed="0.013081"/>
</kw>
<status status="PASS" start="2026-05-05T22:26:01.193339" elapsed="0.298371"/>
</test>
<test id="s1-s9-t3" name="Multiple child suites under one parent" line="23">
<kw name="I am authenticated as admin" owner="testjam_e2e.testjam_library.TestjamLibrary">
<msg time="2026-05-05T22:26:01.757679" level="INFO">Authenticated as 'admin'</msg>
<status status="PASS" start="2026-05-05T22:26:01.550105" elapsed="0.207653"/>
</kw>
<kw name="I create a project named Multi Child Project" owner="testjam_e2e.testjam_library.TestjamLibrary" source_name="I create a project named ${name}">
<msg time="2026-05-05T22:26:01.776988" level="INFO">Created project 'Multi Child Project' → id=438</msg>
<status status="PASS" start="2026-05-05T22:26:01.758048" elapsed="0.019015"/>
</kw>
<kw name="I create a suite named Parent" owner="testjam_e2e.testjam_library.TestjamLibrary" source_name="I create a suite named ${name}">
<msg time="2026-05-05T22:26:01.784760" level="INFO">Created suite 'Parent' → id=238</msg>
<status status="PASS" start="2026-05-05T22:26:01.777324" elapsed="0.007510"/>
</kw>
<kw name="I create a sub-suite named Child A inside the current suite" owner="testjam_e2e.testjam_library.TestjamLibrary" source_name="I create a sub-suite named ${name} inside the current suite">
<msg time="2026-05-05T22:26:01.790413" level="INFO">Created sub-suite 'Child A' → id=239</msg>
<status status="PASS" start="2026-05-05T22:26:01.785122" elapsed="0.005363"/>
</kw>
<kw name="I create a sub-suite named Child B inside the current suite" owner="testjam_e2e.testjam_library.TestjamLibrary" source_name="I create a sub-suite named ${name} inside the current suite">
<msg time="2026-05-05T22:26:01.799915" level="INFO">Created sub-suite 'Child B' → id=240</msg>
<status status="PASS" start="2026-05-05T22:26:01.790721" elapsed="0.009273"/>
</kw>
<kw name="The current suite should have 2 child suites" owner="testjam_e2e.testjam_library.TestjamLibrary" source_name="the current suite should have ${count} child suites">
<status status="PASS" start="2026-05-05T22:26:01.800275" elapsed="0.003404"/>
</kw>
<kw name="I clean up the current project" owner="testjam_e2e.testjam_library.TestjamLibrary" type="TEARDOWN">
<status status="PASS" start="2026-05-05T22:26:01.803868" elapsed="0.011711"/>
</kw>
<status status="PASS" start="2026-05-05T22:26:01.508087" elapsed="0.307620"/>
</test>
<status status="PASS" start="2026-05-05T22:26:00.860268" elapsed="0.973766"/>
</suite>
<status status="PASS" start="2026-05-05T22:25:49.356918" elapsed="12.477479"/>
</suite>
<statistics>
<total>
<stat pass="38" fail="0" skip="0">All Tests</stat>
</total>
<tag>
</tag>
<suite>
<stat name="Suites" id="s1" pass="38" fail="0" skip="0">Suites</stat>
<stat name="01 Auth" id="s1-s1" pass="4" fail="0" skip="0">Suites.01 Auth</stat>
<stat name="02 Projects" id="s1-s2" pass="3" fail="0" skip="0">Suites.02 Projects</stat>
<stat name="03 Test Cases" id="s1-s3" pass="6" fail="0" skip="0">Suites.03 Test Cases</stat>
<stat name="04 Executions" id="s1-s4" pass="4" fail="0" skip="0">Suites.04 Executions</stat>
<stat name="05 Versions" id="s1-s5" pass="7" fail="0" skip="0">Suites.05 Versions</stat>
<stat name="06 Imports" id="s1-s6" pass="2" fail="0" skip="0">Suites.06 Imports</stat>
<stat name="07 Members" id="s1-s7" pass="4" fail="0" skip="0">Suites.07 Members</stat>
<stat name="08 Tokens" id="s1-s8" pass="5" fail="0" skip="0">Suites.08 Tokens</stat>
<stat name="09 Nested Suites" id="s1-s9" pass="3" fail="0" skip="0">Suites.09 Nested Suites</stat>
</suite>
</statistics>
<errors>
</errors>
</robot>
